<?xml version="1.0" encoding="UTF-8"?>
<testsuite xmlns:xsi="http://www.w3.org/2001/XMLSchema-instance" xsi:noNamespaceSchemaLocation="https://maven.apache.org/surefire/maven-surefire-plugin/xsd/surefire-test-report-3.0.xsd" version="3.0" name="com.bookingmx.reservations.service.ReservationServiceTest" time="4.94" tests="25" errors="0" skipped="0" failures="0">
  <properties>
[...]
</properties>
  <testcase name="testListReservations_EmptyList" classname="com.bookingmx.reservations.service.ReservationServiceTest" time="4.521"/>
  <testcase name="testEmptyConstructor" classname="com.bookingmx.reservations.service.ReservationServiceTest" time="0.006"/>
  <testcase name="testCreateReservation_PastDate_ThrowsException" classname="com.bookingmx.reservations.service.ReservationServiceTest" time="0.008"/>
  <testcase name="testCreateReservation_Success_Complete" classname="com.bookingmx.reservations.service.ReservationServiceTest" time="0.05"/>
  <testcase name="testUpdateReservation_NotFound" classname="com.bookingmx.reservations.service.ReservationServiceTest" time="0.017"/>
  <testcase name="testCancelReservation_NotFound" classname="com.bookingmx.reservations.service.ReservationServiceTest" time="0.01"/>
  <testcase name="testCreateReservation_BlankGuestName_ThrowsException" classname="com.bookingmx.reservations.service.ReservationServiceTest" time="0.007"/>
  <testcase name="testCreateReservation_NullCheckIn_ThrowsException" classname="com.bookingmx.reservations.service.ReservationServiceTest" time="0.008"/>
  <testcase name="testCancelReservation_SetsStatusAndSaves" classname="com.bookingmx.reservations.service.ReservationServiceTest" time="0.0"/>
  <testcase name="testCancelReservation_Success" classname="com.bookingmx.reservations.service.ReservationServiceTest" time="0.017"/>
  <testcase name="testUpdateReservation_CheckInPast_ThrowsException" classname="com.bookingmx.reservations.service.ReservationServiceTest" time="0.0"/>
  <testcase name="testUpdateReservation_CheckOutBeforeCheckIn_ThrowsException" classname="com.bookingmx.reservations.service.ReservationServiceTest" time="0.004"/>
  <testcase name="testCreateReservation_NullFields_ThrowsException" classname="com.bookingmx.reservations.service.ReservationServiceTest" time="0.012"/>
  <testcase name="testCancelReservation_AlreadyCanceled_ThrowsException" classname="com.bookingmx.reservations.service.ReservationServiceTest" time="0.0"/>
  <testcase name="testCreateReservation_InvalidDates_ThrowsException" classname="com.bookingmx.reservations.service.ReservationServiceTest" time="0.016"/>
  <testcase name="testCreateReservation_BlankHotelName_ThrowsException" classname="com.bookingmx.reservations.service.ReservationServiceTest" time="0.003"/>
  <testcase name="testUpdateReservation_InvalidDates_ThrowsException" classname="com.bookingmx.reservations.service.ReservationServiceTest" time="0.013"/>
  <testcase name="testListReservations" classname="com.bookingmx.reservations.service.ReservationServiceTest" time="0.008"/>
  <testcase name="testUpdateReservation_CheckOutPast_ThrowsException" classname="com.bookingmx.reservations.service.ReservationServiceTest" time="0.005"/>
  <testcase name="testUpdateCanceledReservation_ThrowsException" classname="com.bookingmx.reservations.service.ReservationServiceTest" time="0.006"/>
  <testcase name="testCreateReservation_NullCheckOut_ThrowsException" classname="com.bookingmx.reservations.service.ReservationServiceTest" time="0.007"/>
  <testcase name="testUpdateReservation_NullCheckIn_ThrowsException" classname="com.bookingmx.reservations.service.ReservationServiceTest" time="0.011"/>
  <testcase name="testUpdateReservation_NullCheckOut_ThrowsException" classname="com.bookingmx.reservations.service.ReservationServiceTest" time="0.006"/>
  <testcase name="testCreateReservation_Success" classname="com.bookingmx.reservations.service.ReservationServiceTest" time="0.0"/>
  <testcase name="testUpdateReservation_Success" classname="com.bookingmx.reservations.service.ReservationServiceTest" time="0.019"/>
</testsuite>