<?xml version="1.0" encoding="UTF-8"?>
<coverage generated="1763093309472" clover="3.2.0">
  <project timestamp="1763093309473" name="All files">
    <metrics statements="30" coveredstatements="30" conditionals="43" coveredconditionals="38" methods="10" coveredmethods="10" elements="83" coveredelements="78" complexity="0" loc="30" ncloc="30" packages="1" files="1" classes="1"/>
    <file name="graph.js" path="C:\Users\52669\Desktop\technoready\Java and JavaScript. Programming Procedures\TestingBookingMx\frontend\js\graph.js">
      <metrics statements="30" coveredstatements="30" conditionals="43" coveredconditionals="38" methods="10" coveredmethods="10"/>
      <line num="6" count="8" type="stmt"/>
      <line num="10" count="30" type="cond" truecount="4" falsecount="0"/>
      <line num="11" count="28" type="cond" truecount="1" falsecount="1"/>
      <line num="15" count="22" type="cond" truecount="4" falsecount="0"/>
      <line num="16" count="21" type="cond" truecount="4" falsecount="0"/>
      <line num="17" count="19" type="stmt"/>
      <line num="18" count="19" type="stmt"/>
      <line num="22" count="3" type="cond" truecount="1" falsecount="1"/>
      <line num="23" count="3" type="stmt"/>
      <line num="29" count="4" type="cond" truecount="3" falsecount="1"/>
      <line num="30" count="4" type="stmt"/>
      <line num="31" count="4" type="cond" truecount="2" falsecount="0"/>
      <line num="32" count="10" type="cond" truecount="3" falsecount="1"/>
      <line num="33" count="3" type="stmt"/>
      <line num="34" count="8" type="cond" truecount="1" falsecount="1"/>
      <line num="35" count="8" type="cond" truecount="4" falsecount="0"/>
      <line num="36" count="7" type="cond" truecount="4" falsecount="0"/>
      <line num="38" count="1" type="stmt"/>
      <line num="42" count="3" type="stmt"/>
      <line num="43" count="21" type="stmt"/>
      <line num="44" count="18" type="stmt"/>
      <line num="45" count="3" type="stmt"/>
      <line num="50" count="3" type="cond" truecount="2" falsecount="0"/>
      <line num="51" count="2" type="cond" truecount="4" falsecount="0"/>
      <line num="52" count="1" type="stmt"/>
      <line num="53" count="1" type="stmt"/>
      <line num="54" count="4" type="stmt"/>
      <line num="55" count="5" type="stmt"/>
      <line num="56" count="4" type="stmt"/>
      <line num="60" count="1" type="stmt"/>
    </file>
  </project>
</coverage>
