{"C:\\Users\\52669\\Desktop\\technoready\\Java and JavaScript. Programming Procedures\\TestingBookingMx\\frontend\\js\\graph.js": {"path":"C:\\Users\\52669\\Desktop\\technoready\\Java and JavaScript. Programming Procedures\\TestingBookingMx\\frontend\\js\\graph.js","statementMap":{"0":{"start":{"line":6,"column":4},"end":{"line":6,"column":25}},"1":{"start":{"line":10,"column":4},"end":{"line":10,"column":80}},"2":{"start":{"line":10,"column":43},"end":{"line":10,"column":80}},"3":{"start":{"line":11,"column":4},"end":{"line":11,"column":52}},"4":{"start":{"line":11,"column":29},"end":{"line":11,"column":52}},"5":{"start":{"line":15,"column":4},"end":{"line":15,"column":82}},"6":{"start":{"line":15,"column":50},"end":{"line":15,"column":82}},"7":{"start":{"line":16,"column":4},"end":{"line":16,"column":92}},"8":{"start":{"line":16,"column":56},"end":{"line":16,"column":92}},"9":{"start":{"line":17,"column":4},"end":{"line":17,"column":58}},"10":{"start":{"line":18,"column":4},"end":{"line":18,"column":62}},"11":{"start":{"line":22,"column":4},"end":{"line":22,"column":61}},"12":{"start":{"line":22,"column":29},"end":{"line":22,"column":61}},"13":{"start":{"line":23,"column":4},"end":{"line":23,"column":35}},"14":{"start":{"line":29,"column":2},"end":{"line":29,"column":115}},"15":{"start":{"line":29,"column":55},"end":{"line":29,"column":115}},"16":{"start":{"line":30,"column":18},"end":{"line":30,"column":33}},"17":{"start":{"line":31,"column":2},"end":{"line":31,"column":87}},"18":{"start":{"line":31,"column":38},"end":{"line":31,"column":87}},"19":{"start":{"line":32,"column":2},"end":{"line":32,"column":117}},"20":{"start":{"line":32,"column":26},"end":{"line":32,"column":117}},"21":{"start":{"line":32,"column":66},"end":{"line":32,"column":117}},"22":{"start":{"line":33,"column":2},"end":{"line":37,"column":3}},"23":{"start":{"line":34,"column":35},"end":{"line":34,"column":42}},"24":{"start":{"line":35,"column":4},"end":{"line":35,"column":109}},"25":{"start":{"line":35,"column":48},"end":{"line":35,"column":109}},"26":{"start":{"line":36,"column":4},"end":{"line":36,"column":101}},"27":{"start":{"line":36,"column":52},"end":{"line":36,"column":101}},"28":{"start":{"line":38,"column":2},"end":{"line":38,"column":22}},"29":{"start":{"line":42,"column":12},"end":{"line":42,"column":23}},"30":{"start":{"line":43,"column":2},"end":{"line":43,"column":39}},"31":{"start":{"line":43,"column":26},"end":{"line":43,"column":39}},"32":{"start":{"line":44,"column":2},"end":{"line":44,"column":76}},"33":{"start":{"line":44,"column":46},"end":{"line":44,"column":76}},"34":{"start":{"line":45,"column":2},"end":{"line":45,"column":11}},"35":{"start":{"line":50,"column":2},"end":{"line":50,"column":72}},"36":{"start":{"line":50,"column":33},"end":{"line":50,"column":72}},"37":{"start":{"line":51,"column":2},"end":{"line":51,"column":80}},"38":{"start":{"line":51,"column":70},"end":{"line":51,"column":80}},"39":{"start":{"line":52,"column":20},"end":{"line":52,"column":48}},"40":{"start":{"line":53,"column":2},"end":{"line":56,"column":54}},"41":{"start":{"line":54,"column":17},"end":{"line":54,"column":44}},"42":{"start":{"line":55,"column":19},"end":{"line":55,"column":42}},"43":{"start":{"line":56,"column":15},"end":{"line":56,"column":51}},"44":{"start":{"line":60,"column":26},"end":{"line":72,"column":1}}},"fnMap":{"0":{"name":"(anonymous_0)","decl":{"start":{"line":5,"column":2},"end":{"line":5,"column":3}},"loc":{"start":{"line":5,"column":16},"end":{"line":7,"column":3}},"line":5},"1":{"name":"(anonymous_1)","decl":{"start":{"line":9,"column":2},"end":{"line":9,"column":3}},"loc":{"start":{"line":9,"column":16},"end":{"line":12,"column":3}},"line":9},"2":{"name":"(anonymous_2)","decl":{"start":{"line":14,"column":2},"end":{"line":14,"column":3}},"loc":{"start":{"line":14,"column":32},"end":{"line":19,"column":3}},"line":14},"3":{"name":"(anonymous_3)","decl":{"start":{"line":21,"column":2},"end":{"line":21,"column":3}},"loc":{"start":{"line":21,"column":18},"end":{"line":24,"column":3}},"line":21},"4":{"name":"validateGraphData","decl":{"start":{"line":28,"column":16},"end":{"line":28,"column":33}},"loc":{"start":{"line":28,"column":53},"end":{"line":39,"column":1}},"line":28},"5":{"name":"buildGraph","decl":{"start":{"line":41,"column":16},"end":{"line":41,"column":26}},"loc":{"start":{"line":41,"column":42},"end":{"line":46,"column":1}},"line":41},"6":{"name":"getNearbyCities","decl":{"start":{"line":49,"column":16},"end":{"line":49,"column":31}},"loc":{"start":{"line":49,"column":73},"end":{"line":57,"column":1}},"line":49},"7":{"name":"(anonymous_7)","decl":{"start":{"line":54,"column":12},"end":{"line":54,"column":13}},"loc":{"start":{"line":54,"column":17},"end":{"line":54,"column":44}},"line":54},"8":{"name":"(anonymous_8)","decl":{"start":{"line":55,"column":10},"end":{"line":55,"column":11}},"loc":{"start":{"line":55,"column":19},"end":{"line":55,"column":42}},"line":55},"9":{"name":"(anonymous_9)","decl":{"start":{"line":56,"column":9},"end":{"line":56,"column":10}},"loc":{"start":{"line":56,"column":15},"end":{"line":56,"column":51}},"line":56}},"branchMap":{"0":{"loc":{"start":{"line":10,"column":4},"end":{"line":10,"column":80}},"type":"if","locations":[{"start":{"line":10,"column":4},"end":{"line":10,"column":80}},{"start":{},"end":{}}],"line":10},"1":{"loc":{"start":{"line":10,"column":8},"end":{"line":10,"column":41}},"type":"binary-expr","locations":[{"start":{"line":10,"column":8},"end":{"line":10,"column":13}},{"start":{"line":10,"column":17},"end":{"line":10,"column":41}}],"line":10},"2":{"loc":{"start":{"line":11,"column":4},"end":{"line":11,"column":52}},"type":"if","locations":[{"start":{"line":11,"column":4},"end":{"line":11,"column":52}},{"start":{},"end":{}}],"line":11},"3":{"loc":{"start":{"line":15,"column":4},"end":{"line":15,"column":82}},"type":"if","locations":[{"start":{"line":15,"column":4},"end":{"line":15,"column":82}},{"start":{},"end":{}}],"line":15},"4":{"loc":{"start":{"line":15,"column":8},"end":{"line":15,"column":48}},"type":"binary-expr","locations":[{"start":{"line":15,"column":8},"end":{"line":15,"column":27}},{"start":{"line":15,"column":31},"end":{"line":15,"column":48}}],"line":15},"5":{"loc":{"start":{"line":16,"column":4},"end":{"line":16,"column":92}},"type":"if","locations":[{"start":{"line":16,"column":4},"end":{"line":16,"column":92}},{"start":{},"end":{}}],"line":16},"6":{"loc":{"start":{"line":16,"column":8},"end":{"line":16,"column":54}},"type":"binary-expr","locations":[{"start":{"line":16,"column":8},"end":{"line":16,"column":36}},{"start":{"line":16,"column":40},"end":{"line":16,"column":54}}],"line":16},"7":{"loc":{"start":{"line":22,"column":4},"end":{"line":22,"column":61}},"type":"if","locations":[{"start":{"line":22,"column":4},"end":{"line":22,"column":61}},{"start":{},"end":{}}],"line":22},"8":{"loc":{"start":{"line":29,"column":2},"end":{"line":29,"column":115}},"type":"if","locations":[{"start":{"line":29,"column":2},"end":{"line":29,"column":115}},{"start":{},"end":{}}],"line":29},"9":{"loc":{"start":{"line":29,"column":6},"end":{"line":29,"column":53}},"type":"binary-expr","locations":[{"start":{"line":29,"column":6},"end":{"line":29,"column":28}},{"start":{"line":29,"column":32},"end":{"line":29,"column":53}}],"line":29},"10":{"loc":{"start":{"line":31,"column":2},"end":{"line":31,"column":87}},"type":"if","locations":[{"start":{"line":31,"column":2},"end":{"line":31,"column":87}},{"start":{},"end":{}}],"line":31},"11":{"loc":{"start":{"line":32,"column":26},"end":{"line":32,"column":117}},"type":"if","locations":[{"start":{"line":32,"column":26},"end":{"line":32,"column":117}},{"start":{},"end":{}}],"line":32},"12":{"loc":{"start":{"line":32,"column":30},"end":{"line":32,"column":64}},"type":"binary-expr","locations":[{"start":{"line":32,"column":30},"end":{"line":32,"column":51}},{"start":{"line":32,"column":55},"end":{"line":32,"column":64}}],"line":32},"13":{"loc":{"start":{"line":34,"column":35},"end":{"line":34,"column":42}},"type":"binary-expr","locations":[{"start":{"line":34,"column":35},"end":{"line":34,"column":36}},{"start":{"line":34,"column":40},"end":{"line":34,"column":42}}],"line":34},"14":{"loc":{"start":{"line":35,"column":4},"end":{"line":35,"column":109}},"type":"if","locations":[{"start":{"line":35,"column":4},"end":{"line":35,"column":109}},{"start":{},"end":{}}],"line":35},"15":{"loc":{"start":{"line":35,"column":8},"end":{"line":35,"column":46}},"type":"binary-expr","locations":[{"start":{"line":35,"column":8},"end":{"line":35,"column":26}},{"start":{"line":35,"column":30},"end":{"line":35,"column":46}}],"line":35},"16":{"loc":{"start":{"line":36,"column":4},"end":{"line":36,"column":101}},"type":"if","locations":[{"start":{"line":36,"column":4},"end":{"line":36,"column":101}},{"start":{},"end":{}}],"line":36},"17":{"loc":{"start":{"line":36,"column":8},"end":{"line":36,"column":50}},"type":"binary-expr","locations":[{"start":{"line":36,"column":8},"end":{"line":36,"column":34}},{"start":{"line":36,"column":38},"end":{"line":36,"column":50}}],"line":36},"18":{"loc":{"start":{"line":49,"column":52},"end":{"line":49,"column":71}},"type":"default-arg","locations":[{"start":{"line":49,"column":68},"end":{"line":49,"column":71}}],"line":49},"19":{"loc":{"start":{"line":50,"column":2},"end":{"line":50,"column":72}},"type":"if","locations":[{"start":{"line":50,"column":2},"end":{"line":50,"column":72}},{"start":{},"end":{}}],"line":50},"20":{"loc":{"start":{"line":51,"column":2},"end":{"line":51,"column":80}},"type":"if","locations":[{"start":{"line":51,"column":2},"end":{"line":51,"column":80}},{"start":{},"end":{}}],"line":51},"21":{"loc":{"start":{"line":51,"column":6},"end":{"line":51,"column":68}},"type":"binary-expr","locations":[{"start":{"line":51,"column":6},"end":{"line":51,"column":37}},{"start":{"line":51,"column":41},"end":{"line":51,"column":68}}],"line":51}},"s":{"0":8,"1":30,"2":2,"3":28,"4":28,"5":22,"6":1,"7":21,"8":2,"9":19,"10":19,"11":3,"12":0,"13":3,"14":4,"15":0,"16":4,"17":4,"18":1,"19":3,"20":10,"21":0,"22":3,"23":8,"24":8,"25":1,"26":7,"27":1,"28":1,"29":3,"30":3,"31":21,"32":3,"33":18,"34":3,"35":3,"36":1,"37":2,"38":1,"39":1,"40":1,"41":4,"42":5,"43":4,"44":1},"f":{"0":8,"1":30,"2":22,"3":3,"4":4,"5":3,"6":3,"7":4,"8":5,"9":4},"b":{"0":[2,28],"1":[30,28],"2":[28,0],"3":[1,21],"4":[22,22],"5":[2,19],"6":[21,20],"7":[0,3],"8":[0,4],"9":[4,4],"10":[1,3],"11":[0,10],"12":[10,10],"13":[8,0],"14":[1,7],"15":[8,8],"16":[1,6],"17":[7,7],"18":[2],"19":[1,2],"20":[1,1],"21":[2,2]},"inputSourceMap":null,"_coverageSchema":"1a1c01bbd47fc00a2c39e90264f33305004495a9","hash":"af866dab0dd73d297ca2199ad4734c601f5543f7"}
}
