TN:
SF:js\graph.js
FN:5,(anonymous_0)
FN:9,(anonymous_1)
FN:14,(anonymous_2)
FN:21,(anonymous_3)
FN:28,validateGraphData
FN:41,buildGraph
FN:49,getNearbyCities
FN:54,(anonymous_7)
FN:55,(anonymous_8)
FN:56,(anonymous_9)
FNF:10
FNH:10
FNDA:8,(anonymous_0)
FNDA:30,(anonymous_1)
FNDA:22,(anonymous_2)
FNDA:3,(anonymous_3)
FNDA:4,validateGraphData
FNDA:3,buildGraph
FNDA:3,getNearbyCities
FNDA:4,(anonymous_7)
FNDA:5,(anonymous_8)
FNDA:4,(anonymous_9)
DA:6,8
DA:10,30
DA:11,28
DA:15,22
DA:16,21
DA:17,19
DA:18,19
DA:22,3
DA:23,3
DA:29,4
DA:30,4
DA:31,4
DA:32,10
DA:33,3
DA:34,8
DA:35,8
DA:36,7
DA:38,1
DA:42,3
DA:43,21
DA:44,18
DA:45,3
DA:50,3
DA:51,2
DA:52,1
DA:53,1
DA:54,4
DA:55,5
DA:56,4
DA:60,1
LF:30
LH:30
BRDA:10,0,0,2
BRDA:10,0,1,28
BRDA:10,1,0,30
BRDA:10,1,1,28
BRDA:11,2,0,28
BRDA:11,2,1,0
BRDA:15,3,0,1
BRDA:15,3,1,21
BRDA:15,4,0,22
BRDA:15,4,1,22
BRDA:16,5,0,2
BRDA:16,5,1,19
BRDA:16,6,0,21
BRDA:16,6,1,20
BRDA:22,7,0,0
BRDA:22,7,1,3
BRDA:29,8,0,0
BRDA:29,8,1,4
BRDA:29,9,0,4
BRDA:29,9,1,4
BRDA:31,10,0,1
BRDA:31,10,1,3
BRDA:32,11,0,0
BRDA:32,11,1,10
BRDA:32,12,0,10
BRDA:32,12,1,10
BRDA:34,13,0,8
BRDA:34,13,1,0
BRDA:35,14,0,1
BRDA:35,14,1,7
BRDA:35,15,0,8
BRDA:35,15,1,8
BRDA:36,16,0,1
BRDA:36,16,1,6
BRDA:36,17,0,7
BRDA:36,17,1,7
BRDA:49,18,0,2
BRDA:50,19,0,1
BRDA:50,19,1,2
BRDA:51,20,0,1
BRDA:51,20,1,1
BRDA:51,21,0,2
BRDA:51,21,1,2
BRF:43
BRH:38
end_of_record
